This file contains any messages produced by compilers while
running configure, to aid debugging if configure makes a mistake.

configure:566: checking for a BSD compatible install
configure:619: checking whether build environment is sane
configure:676: checking whether make sets ${MAKE}
configure:722: checking for working aclocal
configure:735: checking for working autoconf
configure:748: checking for working automake
configure:761: checking for working autoheader
configure:774: checking for working makeinfo
configure:798: checking for gcc
configure:911: checking whether the C compiler (gcc  ) works
configure:927: gcc -o conftest    conftest.c  1>&5
configure:953: checking whether the C compiler (gcc  ) is a cross-compiler
configure:958: checking whether we are using GNU C
configure:986: checking whether gcc accepts -g
configure:1093: checking host system type
configure:1114: checking build system type
configure:1134: checking for ranlib
configure:1173: checking for ld used by GCC
configure:1235: checking if the linker (/usr/bin/ld) is GNU ld
configure:1251: checking for BSD-compatible nm
configure:1287: checking whether ln -s works
